{"/Users/mirasubramanian/outfittedFinal/Outfitted/src/client/App.js": {"path":"/Users/mirasubramanian/outfittedFinal/Outfitted/src/client/App.js","statementMap":{"0":{"start":{"line":20,"column":14},"end":{"line":20,"column":36}},"1":{"start":{"line":23,"column":2},"end":{"line":115,"column":3}},"2":{"start":{"line":122,"column":2},"end":{"line":128,"column":4}},"3":{"start":{"line":131,"column":15},"end":{"line":138,"column":2}}},"fnMap":{"0":{"name":"MyStack","decl":{"start":{"line":22,"column":9},"end":{"line":22,"column":16}},"loc":{"start":{"line":22,"column":19},"end":{"line":118,"column":1}},"line":22},"1":{"name":"App","decl":{"start":{"line":121,"column":24},"end":{"line":121,"column":27}},"loc":{"start":{"line":121,"column":30},"end":{"line":129,"column":1}},"line":121}},"branchMap":{},"s":{"0":0,"1":0,"2":0,"3":0},"f":{"0":0,"1":0},"b":{}}
,"/Users/mirasubramanian/outfittedFinal/Outfitted/src/client/firebase.js": {"path":"/Users/mirasubramanian/outfittedFinal/Outfitted/src/client/firebase.js","statementMap":{"0":{"start":{"line":12,"column":23},"end":{"line":21,"column":1}},"1":{"start":{"line":24,"column":0},"end":{"line":24,"column":39}}},"fnMap":{},"branchMap":{},"s":{"0":1,"1":1},"f":{},"b":{},"_coverageSchema":"1a1c01bbd47fc00a2c39e90264f33305004495a9","hash":"a0ef47089ff4f5e704fb90663bcadc3e237f6eda"}
,"/Users/mirasubramanian/outfittedFinal/Outfitted/src/client/components/authentication/login.js": {"path":"/Users/mirasubramanian/outfittedFinal/Outfitted/src/client/components/authentication/login.js","statementMap":{"0":{"start":{"line":10,"column":8},"end":{"line":10,"column":16}},"1":{"start":{"line":11,"column":8},"end":{"line":14,"column":9}},"2":{"start":{"line":17,"column":21},"end":{"line":21,"column":5}},"3":{"start":{"line":18,"column":22},"end":{"line":18,"column":32}},"4":{"start":{"line":19,"column":8},"end":{"line":19,"column":26}},"5":{"start":{"line":20,"column":8},"end":{"line":20,"column":29}},"6":{"start":{"line":24,"column":16},"end":{"line":42,"column":5}},"7":{"start":{"line":25,"column":8},"end":{"line":41,"column":9}},"8":{"start":{"line":26,"column":12},"end":{"line":26,"column":50}},"9":{"start":{"line":28,"column":12},"end":{"line":40,"column":73}},"10":{"start":{"line":32,"column":16},"end":{"line":32,"column":32}},"11":{"start":{"line":33,"column":16},"end":{"line":33,"column":61}},"12":{"start":{"line":34,"column":16},"end":{"line":37,"column":18}},"13":{"start":{"line":38,"column":16},"end":{"line":38,"column":56}},"14":{"start":{"line":40,"column":28},"end":{"line":40,"column":72}},"15":{"start":{"line":52,"column":8},"end":{"line":83,"column":10}},"16":{"start":{"line":59,"column":44},"end":{"line":59,"column":77}},"17":{"start":{"line":65,"column":44},"end":{"line":65,"column":80}},"18":{"start":{"line":73,"column":39},"end":{"line":73,"column":55}},"19":{"start":{"line":79,"column":35},"end":{"line":79,"column":75}},"20":{"start":{"line":87,"column":15},"end":{"line":102,"column":2}}},"fnMap":{"0":{"name":"(anonymous_0)","decl":{"start":{"line":9,"column":4},"end":{"line":9,"column":5}},"loc":{"start":{"line":9,"column":18},"end":{"line":15,"column":5}},"line":9},"1":{"name":"(anonymous_1)","decl":{"start":{"line":17,"column":21},"end":{"line":17,"column":22}},"loc":{"start":{"line":17,"column":36},"end":{"line":21,"column":5}},"line":17},"2":{"name":"(anonymous_2)","decl":{"start":{"line":24,"column":16},"end":{"line":24,"column":17}},"loc":{"start":{"line":24,"column":22},"end":{"line":42,"column":5}},"line":24},"3":{"name":"(anonymous_3)","decl":{"start":{"line":31,"column":18},"end":{"line":31,"column":19}},"loc":{"start":{"line":31,"column":27},"end":{"line":39,"column":13}},"line":31},"4":{"name":"(anonymous_4)","decl":{"start":{"line":40,"column":19},"end":{"line":40,"column":20}},"loc":{"start":{"line":40,"column":28},"end":{"line":40,"column":72}},"line":40},"5":{"name":"(anonymous_5)","decl":{"start":{"line":44,"column":4},"end":{"line":44,"column":5}},"loc":{"start":{"line":44,"column":13},"end":{"line":84,"column":5}},"line":44},"6":{"name":"(anonymous_6)","decl":{"start":{"line":59,"column":35},"end":{"line":59,"column":36}},"loc":{"start":{"line":59,"column":44},"end":{"line":59,"column":77}},"line":59},"7":{"name":"(anonymous_7)","decl":{"start":{"line":65,"column":35},"end":{"line":65,"column":36}},"loc":{"start":{"line":65,"column":44},"end":{"line":65,"column":80}},"line":65},"8":{"name":"(anonymous_8)","decl":{"start":{"line":73,"column":33},"end":{"line":73,"column":34}},"loc":{"start":{"line":73,"column":39},"end":{"line":73,"column":55}},"line":73},"9":{"name":"(anonymous_9)","decl":{"start":{"line":79,"column":29},"end":{"line":79,"column":30}},"loc":{"start":{"line":79,"column":35},"end":{"line":79,"column":75}},"line":79}},"branchMap":{"0":{"loc":{"start":{"line":25,"column":8},"end":{"line":41,"column":9}},"type":"if","locations":[{"start":{"line":25,"column":8},"end":{"line":41,"column":9}},{"start":{"line":27,"column":15},"end":{"line":41,"column":9}}],"line":25},"1":{"loc":{"start":{"line":25,"column":11},"end":{"line":25,"column":64}},"type":"binary-expr","locations":[{"start":{"line":25,"column":11},"end":{"line":25,"column":34}},{"start":{"line":25,"column":38},"end":{"line":25,"column":64}}],"line":25}},"s":{"0":1,"1":1,"2":1,"3":0,"4":0,"5":0,"6":1,"7":0,"8":0,"9":0,"10":0,"11":0,"12":0,"13":0,"14":0,"15":1,"16":0,"17":0,"18":0,"19":0,"20":1},"f":{"0":1,"1":0,"2":0,"3":0,"4":0,"5":1,"6":0,"7":0,"8":0,"9":0},"b":{"0":[0,0],"1":[0,0]},"_coverageSchema":"1a1c01bbd47fc00a2c39e90264f33305004495a9","hash":"aa981e0ae868b9b68b434ca8cd8eb3df74eea0ac"}
,"/Users/mirasubramanian/outfittedFinal/Outfitted/src/client/components/authentication/signup.js": {"path":"/Users/mirasubramanian/outfittedFinal/Outfitted/src/client/components/authentication/signup.js","statementMap":{"0":{"start":{"line":9,"column":8},"end":{"line":9,"column":16}},"1":{"start":{"line":10,"column":8},"end":{"line":15,"column":9}},"2":{"start":{"line":19,"column":21},"end":{"line":28,"column":5}},"3":{"start":{"line":21,"column":22},"end":{"line":21,"column":32}},"4":{"start":{"line":22,"column":8},"end":{"line":24,"column":9}},"5":{"start":{"line":23,"column":12},"end":{"line":23,"column":67}},"6":{"start":{"line":25,"column":8},"end":{"line":25,"column":26}},"7":{"start":{"line":26,"column":8},"end":{"line":26,"column":29}},"8":{"start":{"line":32,"column":8},"end":{"line":46,"column":15}},"9":{"start":{"line":40,"column":32},"end":{"line":40,"column":47}},"10":{"start":{"line":42,"column":16},"end":{"line":42,"column":34}},"11":{"start":{"line":45,"column":16},"end":{"line":45,"column":37}},"12":{"start":{"line":49,"column":19},"end":{"line":53,"column":5}},"13":{"start":{"line":50,"column":8},"end":{"line":50,"column":21}},"14":{"start":{"line":51,"column":8},"end":{"line":51,"column":49}},"15":{"start":{"line":52,"column":8},"end":{"line":52,"column":33}},"16":{"start":{"line":55,"column":19},"end":{"line":87,"column":5}},"17":{"start":{"line":56,"column":8},"end":{"line":86,"column":9}},"18":{"start":{"line":57,"column":12},"end":{"line":57,"column":51}},"19":{"start":{"line":58,"column":14},"end":{"line":86,"column":9}},"20":{"start":{"line":59,"column":12},"end":{"line":59,"column":77}},"21":{"start":{"line":62,"column":12},"end":{"line":64,"column":14}},"22":{"start":{"line":65,"column":12},"end":{"line":85,"column":14}},"23":{"start":{"line":69,"column":16},"end":{"line":71,"column":18}},"24":{"start":{"line":72,"column":16},"end":{"line":72,"column":61}},"25":{"start":{"line":73,"column":16},"end":{"line":73,"column":34}},"26":{"start":{"line":74,"column":16},"end":{"line":79,"column":18}},"27":{"start":{"line":80,"column":16},"end":{"line":80,"column":57}},"28":{"start":{"line":84,"column":16},"end":{"line":84,"column":41}},"29":{"start":{"line":91,"column":8},"end":{"line":97,"column":9}},"30":{"start":{"line":92,"column":12},"end":{"line":96,"column":13}},"31":{"start":{"line":98,"column":8},"end":{"line":137,"column":9}},"32":{"start":{"line":104,"column":44},"end":{"line":104,"column":83}},"33":{"start":{"line":111,"column":44},"end":{"line":111,"column":77}},"34":{"start":{"line":118,"column":43},"end":{"line":118,"column":78}},"35":{"start":{"line":126,"column":38},"end":{"line":126,"column":55}},"36":{"start":{"line":132,"column":35},"end":{"line":132,"column":74}},"37":{"start":{"line":142,"column":15},"end":{"line":190,"column":2}}},"fnMap":{"0":{"name":"(anonymous_0)","decl":{"start":{"line":8,"column":4},"end":{"line":8,"column":5}},"loc":{"start":{"line":8,"column":17},"end":{"line":16,"column":5}},"line":8},"1":{"name":"(anonymous_1)","decl":{"start":{"line":19,"column":21},"end":{"line":19,"column":22}},"loc":{"start":{"line":19,"column":36},"end":{"line":28,"column":5}},"line":19},"2":{"name":"(anonymous_2)","decl":{"start":{"line":31,"column":4},"end":{"line":31,"column":5}},"loc":{"start":{"line":31,"column":17},"end":{"line":47,"column":5}},"line":31},"3":{"name":"(anonymous_3)","decl":{"start":{"line":40,"column":18},"end":{"line":40,"column":19}},"loc":{"start":{"line":40,"column":32},"end":{"line":40,"column":47}},"line":40},"4":{"name":"(anonymous_4)","decl":{"start":{"line":41,"column":18},"end":{"line":41,"column":19}},"loc":{"start":{"line":41,"column":26},"end":{"line":43,"column":13}},"line":41},"5":{"name":"(anonymous_5)","decl":{"start":{"line":44,"column":19},"end":{"line":44,"column":20}},"loc":{"start":{"line":44,"column":28},"end":{"line":46,"column":13}},"line":44},"6":{"name":"(anonymous_6)","decl":{"start":{"line":49,"column":19},"end":{"line":49,"column":20}},"loc":{"start":{"line":49,"column":30},"end":{"line":53,"column":5}},"line":49},"7":{"name":"(anonymous_7)","decl":{"start":{"line":55,"column":19},"end":{"line":55,"column":20}},"loc":{"start":{"line":55,"column":25},"end":{"line":87,"column":5}},"line":55},"8":{"name":"(anonymous_8)","decl":{"start":{"line":68,"column":19},"end":{"line":68,"column":20}},"loc":{"start":{"line":68,"column":28},"end":{"line":82,"column":13}},"line":68},"9":{"name":"(anonymous_9)","decl":{"start":{"line":83,"column":19},"end":{"line":83,"column":20}},"loc":{"start":{"line":83,"column":30},"end":{"line":85,"column":13}},"line":83},"10":{"name":"(anonymous_10)","decl":{"start":{"line":90,"column":4},"end":{"line":90,"column":5}},"loc":{"start":{"line":90,"column":13},"end":{"line":138,"column":5}},"line":90},"11":{"name":"(anonymous_11)","decl":{"start":{"line":104,"column":35},"end":{"line":104,"column":36}},"loc":{"start":{"line":104,"column":44},"end":{"line":104,"column":83}},"line":104},"12":{"name":"(anonymous_12)","decl":{"start":{"line":111,"column":35},"end":{"line":111,"column":36}},"loc":{"start":{"line":111,"column":44},"end":{"line":111,"column":77}},"line":111},"13":{"name":"(anonymous_13)","decl":{"start":{"line":118,"column":35},"end":{"line":118,"column":36}},"loc":{"start":{"line":118,"column":43},"end":{"line":118,"column":78}},"line":118},"14":{"name":"(anonymous_14)","decl":{"start":{"line":126,"column":33},"end":{"line":126,"column":34}},"loc":{"start":{"line":126,"column":38},"end":{"line":126,"column":55}},"line":126},"15":{"name":"(anonymous_15)","decl":{"start":{"line":132,"column":29},"end":{"line":132,"column":30}},"loc":{"start":{"line":132,"column":35},"end":{"line":132,"column":74}},"line":132}},"branchMap":{"0":{"loc":{"start":{"line":22,"column":8},"end":{"line":24,"column":9}},"type":"if","locations":[{"start":{"line":22,"column":8},"end":{"line":24,"column":9}},{"start":{},"end":{}}],"line":22},"1":{"loc":{"start":{"line":56,"column":8},"end":{"line":86,"column":9}},"type":"if","locations":[{"start":{"line":56,"column":8},"end":{"line":86,"column":9}},{"start":{"line":58,"column":14},"end":{"line":86,"column":9}}],"line":56},"2":{"loc":{"start":{"line":56,"column":11},"end":{"line":56,"column":64}},"type":"binary-expr","locations":[{"start":{"line":56,"column":11},"end":{"line":56,"column":34}},{"start":{"line":56,"column":38},"end":{"line":56,"column":64}}],"line":56},"3":{"loc":{"start":{"line":58,"column":14},"end":{"line":86,"column":9}},"type":"if","locations":[{"start":{"line":58,"column":14},"end":{"line":86,"column":9}},{"start":{"line":61,"column":12},"end":{"line":86,"column":9}}],"line":58},"4":{"loc":{"start":{"line":91,"column":8},"end":{"line":97,"column":9}},"type":"if","locations":[{"start":{"line":91,"column":8},"end":{"line":97,"column":9}},{"start":{},"end":{}}],"line":91}},"s":{"0":1,"1":1,"2":1,"3":0,"4":0,"5":0,"6":0,"7":0,"8":0,"9":0,"10":0,"11":0,"12":1,"13":0,"14":0,"15":0,"16":1,"17":0,"18":0,"19":0,"20":0,"21":0,"22":0,"23":0,"24":0,"25":0,"26":0,"27":0,"28":0,"29":1,"30":0,"31":1,"32":0,"33":0,"34":0,"35":0,"36":0,"37":1},"f":{"0":1,"1":0,"2":0,"3":0,"4":0,"5":0,"6":0,"7":0,"8":0,"9":0,"10":1,"11":0,"12":0,"13":0,"14":0,"15":0},"b":{"0":[0,0],"1":[0,0],"2":[0,0],"3":[0,0],"4":[0,1]},"_coverageSchema":"1a1c01bbd47fc00a2c39e90264f33305004495a9","hash":"c547cbadc8de535d1c5256995757f2fc3e75b8dd"}
,"/Users/mirasubramanian/outfittedFinal/Outfitted/src/client/components/closet/AddCategoryForm.js": {"path":"/Users/mirasubramanian/outfittedFinal/Outfitted/src/client/components/closet/AddCategoryForm.js","statementMap":{"0":{"start":{"line":8,"column":20},"end":{"line":8,"column":22}},"1":{"start":{"line":14,"column":8},"end":{"line":14,"column":16}},"2":{"start":{"line":15,"column":8},"end":{"line":21,"column":9}},"3":{"start":{"line":22,"column":8},"end":{"line":22,"column":49}},"4":{"start":{"line":23,"column":8},"end":{"line":23,"column":65}},"5":{"start":{"line":27,"column":21},"end":{"line":27,"column":25}},"6":{"start":{"line":28,"column":23},"end":{"line":28,"column":25}},"7":{"start":{"line":29,"column":8},"end":{"line":32,"column":9}},"8":{"start":{"line":30,"column":12},"end":{"line":30,"column":27}},"9":{"start":{"line":31,"column":12},"end":{"line":31,"column":36}},"10":{"start":{"line":33,"column":8},"end":{"line":36,"column":9}},"11":{"start":{"line":34,"column":12},"end":{"line":34,"column":27}},"12":{"start":{"line":35,"column":12},"end":{"line":35,"column":35}},"13":{"start":{"line":37,"column":8},"end":{"line":42,"column":9}},"14":{"start":{"line":38,"column":12},"end":{"line":41,"column":15}},"15":{"start":{"line":43,"column":8},"end":{"line":43,"column":22}},"16":{"start":{"line":47,"column":27},"end":{"line":63,"column":5}},"17":{"start":{"line":48,"column":19},"end":{"line":48,"column":28}},"18":{"start":{"line":49,"column":25},"end":{"line":49,"column":57}},"19":{"start":{"line":50,"column":21},"end":{"line":50,"column":42}},"20":{"start":{"line":52,"column":8},"end":{"line":60,"column":69}},"21":{"start":{"line":58,"column":12},"end":{"line":58,"column":72}},"22":{"start":{"line":60,"column":24},"end":{"line":60,"column":67}},"23":{"start":{"line":66,"column":16},"end":{"line":82,"column":5}},"24":{"start":{"line":68,"column":33},"end":{"line":68,"column":88}},"25":{"start":{"line":70,"column":21},"end":{"line":75,"column":10}},"26":{"start":{"line":77,"column":8},"end":{"line":77,"column":28}},"27":{"start":{"line":79,"column":8},"end":{"line":81,"column":9}},"28":{"start":{"line":80,"column":10},"end":{"line":80,"column":54}},"29":{"start":{"line":84,"column":17},"end":{"line":99,"column":9}},"30":{"start":{"line":85,"column":37},"end":{"line":85,"column":86}},"31":{"start":{"line":87,"column":25},"end":{"line":92,"column":14}},"32":{"start":{"line":94,"column":12},"end":{"line":94,"column":32}},"33":{"start":{"line":96,"column":12},"end":{"line":98,"column":13}},"34":{"start":{"line":97,"column":14},"end":{"line":97,"column":58}},"35":{"start":{"line":102,"column":8},"end":{"line":106,"column":9}},"36":{"start":{"line":103,"column":27},"end":{"line":103,"column":68}},"37":{"start":{"line":104,"column":12},"end":{"line":104,"column":50}},"38":{"start":{"line":105,"column":12},"end":{"line":105,"column":29}},"39":{"start":{"line":110,"column":8},"end":{"line":113,"column":11}},"40":{"start":{"line":118,"column":21},"end":{"line":122,"column":5}},"41":{"start":{"line":119,"column":22},"end":{"line":119,"column":32}},"42":{"start":{"line":120,"column":8},"end":{"line":120,"column":26}},"43":{"start":{"line":121,"column":8},"end":{"line":121,"column":29}},"44":{"start":{"line":126,"column":8},"end":{"line":141,"column":9}},"45":{"start":{"line":127,"column":12},"end":{"line":136,"column":19}},"46":{"start":{"line":138,"column":12},"end":{"line":140,"column":54}},"47":{"start":{"line":143,"column":8},"end":{"line":170,"column":10}},"48":{"start":{"line":154,"column":44},"end":{"line":154,"column":76}},"49":{"start":{"line":163,"column":24},"end":{"line":163,"column":58}},"50":{"start":{"line":174,"column":15},"end":{"line":208,"column":2}}},"fnMap":{"0":{"name":"(anonymous_0)","decl":{"start":{"line":13,"column":4},"end":{"line":13,"column":5}},"loc":{"start":{"line":13,"column":18},"end":{"line":24,"column":5}},"line":13},"1":{"name":"(anonymous_1)","decl":{"start":{"line":26,"column":4},"end":{"line":26,"column":5}},"loc":{"start":{"line":26,"column":22},"end":{"line":44,"column":5}},"line":26},"2":{"name":"(anonymous_2)","decl":{"start":{"line":47,"column":27},"end":{"line":47,"column":28}},"loc":{"start":{"line":47,"column":47},"end":{"line":63,"column":5}},"line":47},"3":{"name":"(anonymous_3)","decl":{"start":{"line":56,"column":16},"end":{"line":56,"column":17}},"loc":{"start":{"line":56,"column":30},"end":{"line":59,"column":11}},"line":56},"4":{"name":"(anonymous_4)","decl":{"start":{"line":60,"column":17},"end":{"line":60,"column":18}},"loc":{"start":{"line":60,"column":24},"end":{"line":60,"column":67}},"line":60},"5":{"name":"(anonymous_5)","decl":{"start":{"line":66,"column":16},"end":{"line":66,"column":17}},"loc":{"start":{"line":66,"column":27},"end":{"line":82,"column":5}},"line":66},"6":{"name":"(anonymous_6)","decl":{"start":{"line":84,"column":17},"end":{"line":84,"column":18}},"loc":{"start":{"line":84,"column":28},"end":{"line":99,"column":9}},"line":84},"7":{"name":"(anonymous_7)","decl":{"start":{"line":101,"column":4},"end":{"line":101,"column":5}},"loc":{"start":{"line":101,"column":15},"end":{"line":107,"column":5}},"line":101},"8":{"name":"(anonymous_8)","decl":{"start":{"line":109,"column":4},"end":{"line":109,"column":5}},"loc":{"start":{"line":109,"column":23},"end":{"line":114,"column":5}},"line":109},"9":{"name":"(anonymous_9)","decl":{"start":{"line":118,"column":21},"end":{"line":118,"column":22}},"loc":{"start":{"line":118,"column":36},"end":{"line":122,"column":5}},"line":118},"10":{"name":"(anonymous_10)","decl":{"start":{"line":124,"column":4},"end":{"line":124,"column":5}},"loc":{"start":{"line":124,"column":13},"end":{"line":171,"column":5}},"line":124},"11":{"name":"(anonymous_11)","decl":{"start":{"line":154,"column":35},"end":{"line":154,"column":36}},"loc":{"start":{"line":154,"column":44},"end":{"line":154,"column":76}},"line":154},"12":{"name":"(anonymous_12)","decl":{"start":{"line":162,"column":52},"end":{"line":162,"column":53}},"loc":{"start":{"line":162,"column":65},"end":{"line":164,"column":21}},"line":162}},"branchMap":{"0":{"loc":{"start":{"line":29,"column":8},"end":{"line":32,"column":9}},"type":"if","locations":[{"start":{"line":29,"column":8},"end":{"line":32,"column":9}},{"start":{},"end":{}}],"line":29},"1":{"loc":{"start":{"line":29,"column":12},"end":{"line":29,"column":68}},"type":"binary-expr","locations":[{"start":{"line":29,"column":12},"end":{"line":29,"column":39}},{"start":{"line":29,"column":43},"end":{"line":29,"column":68}}],"line":29},"2":{"loc":{"start":{"line":33,"column":8},"end":{"line":36,"column":9}},"type":"if","locations":[{"start":{"line":33,"column":8},"end":{"line":36,"column":9}},{"start":{},"end":{}}],"line":33},"3":{"loc":{"start":{"line":33,"column":12},"end":{"line":33,"column":60}},"type":"binary-expr","locations":[{"start":{"line":33,"column":12},"end":{"line":33,"column":35}},{"start":{"line":33,"column":39},"end":{"line":33,"column":60}}],"line":33},"4":{"loc":{"start":{"line":37,"column":8},"end":{"line":42,"column":9}},"type":"if","locations":[{"start":{"line":37,"column":8},"end":{"line":42,"column":9}},{"start":{},"end":{}}],"line":37},"5":{"loc":{"start":{"line":79,"column":8},"end":{"line":81,"column":9}},"type":"if","locations":[{"start":{"line":79,"column":8},"end":{"line":81,"column":9}},{"start":{},"end":{}}],"line":79},"6":{"loc":{"start":{"line":96,"column":12},"end":{"line":98,"column":13}},"type":"if","locations":[{"start":{"line":96,"column":12},"end":{"line":98,"column":13}},{"start":{},"end":{}}],"line":96},"7":{"loc":{"start":{"line":102,"column":8},"end":{"line":106,"column":9}},"type":"if","locations":[{"start":{"line":102,"column":8},"end":{"line":106,"column":9}},{"start":{},"end":{}}],"line":102},"8":{"loc":{"start":{"line":126,"column":8},"end":{"line":141,"column":9}},"type":"if","locations":[{"start":{"line":126,"column":8},"end":{"line":141,"column":9}},{"start":{"line":137,"column":15},"end":{"line":141,"column":9}}],"line":126}},"s":{"0":0,"1":0,"2":0,"3":0,"4":0,"5":0,"6":0,"7":0,"8":0,"9":0,"10":0,"11":0,"12":0,"13":0,"14":0,"15":0,"16":0,"17":0,"18":0,"19":0,"20":0,"21":0,"22":0,"23":0,"24":0,"25":0,"26":0,"27":0,"28":0,"29":0,"30":0,"31":0,"32":0,"33":0,"34":0,"35":0,"36":0,"37":0,"38":0,"39":0,"40":0,"41":0,"42":0,"43":0,"44":0,"45":0,"46":0,"47":0,"48":0,"49":0,"50":0},"f":{"0":0,"1":0,"2":0,"3":0,"4":0,"5":0,"6":0,"7":0,"8":0,"9":0,"10":0,"11":0,"12":0},"b":{"0":[0,0],"1":[0,0],"2":[0,0],"3":[0,0],"4":[0,0],"5":[0,0],"6":[0,0],"7":[0,0],"8":[0,0]}}
,"/Users/mirasubramanian/outfittedFinal/Outfitted/src/client/components/closet/AddItemForm.js": {"path":"/Users/mirasubramanian/outfittedFinal/Outfitted/src/client/components/closet/AddItemForm.js","statementMap":{"0":{"start":{"line":8,"column":20},"end":{"line":8,"column":22}},"1":{"start":{"line":9,"column":14},"end":{"line":9,"column":16}},"2":{"start":{"line":14,"column":8},"end":{"line":14,"column":16}},"3":{"start":{"line":15,"column":8},"end":{"line":25,"column":9}},"4":{"start":{"line":26,"column":8},"end":{"line":26,"column":49}},"5":{"start":{"line":27,"column":8},"end":{"line":27,"column":65}},"6":{"start":{"line":31,"column":21},"end":{"line":31,"column":25}},"7":{"start":{"line":32,"column":23},"end":{"line":32,"column":25}},"8":{"start":{"line":33,"column":8},"end":{"line":36,"column":9}},"9":{"start":{"line":34,"column":12},"end":{"line":34,"column":27}},"10":{"start":{"line":35,"column":12},"end":{"line":35,"column":36}},"11":{"start":{"line":37,"column":8},"end":{"line":40,"column":9}},"12":{"start":{"line":38,"column":12},"end":{"line":38,"column":27}},"13":{"start":{"line":39,"column":12},"end":{"line":39,"column":35}},"14":{"start":{"line":41,"column":8},"end":{"line":44,"column":9}},"15":{"start":{"line":42,"column":12},"end":{"line":42,"column":27}},"16":{"start":{"line":43,"column":12},"end":{"line":43,"column":35}},"17":{"start":{"line":49,"column":8},"end":{"line":54,"column":9}},"18":{"start":{"line":50,"column":12},"end":{"line":53,"column":15}},"19":{"start":{"line":55,"column":8},"end":{"line":55,"column":22}},"20":{"start":{"line":58,"column":27},"end":{"line":74,"column":5}},"21":{"start":{"line":59,"column":19},"end":{"line":59,"column":28}},"22":{"start":{"line":60,"column":25},"end":{"line":60,"column":57}},"23":{"start":{"line":61,"column":21},"end":{"line":61,"column":42}},"24":{"start":{"line":63,"column":8},"end":{"line":71,"column":69}},"25":{"start":{"line":69,"column":12},"end":{"line":69,"column":72}},"26":{"start":{"line":71,"column":24},"end":{"line":71,"column":67}},"27":{"start":{"line":77,"column":16},"end":{"line":93,"column":5}},"28":{"start":{"line":79,"column":33},"end":{"line":79,"column":88}},"29":{"start":{"line":81,"column":21},"end":{"line":86,"column":10}},"30":{"start":{"line":88,"column":8},"end":{"line":88,"column":28}},"31":{"start":{"line":90,"column":8},"end":{"line":92,"column":9}},"32":{"start":{"line":91,"column":10},"end":{"line":91,"column":54}},"33":{"start":{"line":95,"column":17},"end":{"line":110,"column":9}},"34":{"start":{"line":96,"column":37},"end":{"line":96,"column":86}},"35":{"start":{"line":98,"column":25},"end":{"line":103,"column":14}},"36":{"start":{"line":105,"column":12},"end":{"line":105,"column":32}},"37":{"start":{"line":107,"column":12},"end":{"line":109,"column":13}},"38":{"start":{"line":108,"column":14},"end":{"line":108,"column":58}},"39":{"start":{"line":115,"column":21},"end":{"line":119,"column":5}},"40":{"start":{"line":116,"column":22},"end":{"line":116,"column":32}},"41":{"start":{"line":117,"column":8},"end":{"line":117,"column":26}},"42":{"start":{"line":118,"column":8},"end":{"line":118,"column":29}},"43":{"start":{"line":122,"column":23},"end":{"line":122,"column":64}},"44":{"start":{"line":123,"column":8},"end":{"line":123,"column":46}},"45":{"start":{"line":126,"column":20},"end":{"line":130,"column":10}},"46":{"start":{"line":132,"column":8},"end":{"line":146,"column":15}},"47":{"start":{"line":140,"column":32},"end":{"line":140,"column":47}},"48":{"start":{"line":142,"column":16},"end":{"line":142,"column":34}},"49":{"start":{"line":145,"column":16},"end":{"line":145,"column":37}},"50":{"start":{"line":148,"column":8},"end":{"line":148,"column":26}},"51":{"start":{"line":149,"column":8},"end":{"line":149,"column":24}},"52":{"start":{"line":150,"column":8},"end":{"line":150,"column":25}},"53":{"start":{"line":154,"column":8},"end":{"line":157,"column":11}},"54":{"start":{"line":162,"column":8},"end":{"line":177,"column":9}},"55":{"start":{"line":163,"column":12},"end":{"line":172,"column":19}},"56":{"start":{"line":174,"column":12},"end":{"line":176,"column":54}},"57":{"start":{"line":179,"column":8},"end":{"line":234,"column":10}},"58":{"start":{"line":190,"column":44},"end":{"line":190,"column":76}},"59":{"start":{"line":197,"column":44},"end":{"line":197,"column":76}},"60":{"start":{"line":204,"column":44},"end":{"line":204,"column":83}},"61":{"start":{"line":211,"column":44},"end":{"line":211,"column":77}},"62":{"start":{"line":218,"column":44},"end":{"line":218,"column":76}},"63":{"start":{"line":227,"column":24},"end":{"line":227,"column":58}},"64":{"start":{"line":238,"column":15},"end":{"line":272,"column":2}}},"fnMap":{"0":{"name":"(anonymous_0)","decl":{"start":{"line":13,"column":4},"end":{"line":13,"column":5}},"loc":{"start":{"line":13,"column":18},"end":{"line":28,"column":5}},"line":13},"1":{"name":"(anonymous_1)","decl":{"start":{"line":30,"column":4},"end":{"line":30,"column":5}},"loc":{"start":{"line":30,"column":22},"end":{"line":56,"column":5}},"line":30},"2":{"name":"(anonymous_2)","decl":{"start":{"line":58,"column":27},"end":{"line":58,"column":28}},"loc":{"start":{"line":58,"column":47},"end":{"line":74,"column":5}},"line":58},"3":{"name":"(anonymous_3)","decl":{"start":{"line":67,"column":16},"end":{"line":67,"column":17}},"loc":{"start":{"line":67,"column":30},"end":{"line":70,"column":11}},"line":67},"4":{"name":"(anonymous_4)","decl":{"start":{"line":71,"column":17},"end":{"line":71,"column":18}},"loc":{"start":{"line":71,"column":24},"end":{"line":71,"column":67}},"line":71},"5":{"name":"(anonymous_5)","decl":{"start":{"line":77,"column":16},"end":{"line":77,"column":17}},"loc":{"start":{"line":77,"column":27},"end":{"line":93,"column":5}},"line":77},"6":{"name":"(anonymous_6)","decl":{"start":{"line":95,"column":17},"end":{"line":95,"column":18}},"loc":{"start":{"line":95,"column":28},"end":{"line":110,"column":9}},"line":95},"7":{"name":"(anonymous_7)","decl":{"start":{"line":115,"column":21},"end":{"line":115,"column":22}},"loc":{"start":{"line":115,"column":36},"end":{"line":119,"column":5}},"line":115},"8":{"name":"(anonymous_8)","decl":{"start":{"line":121,"column":4},"end":{"line":121,"column":5}},"loc":{"start":{"line":121,"column":15},"end":{"line":151,"column":5}},"line":121},"9":{"name":"(anonymous_9)","decl":{"start":{"line":140,"column":18},"end":{"line":140,"column":19}},"loc":{"start":{"line":140,"column":32},"end":{"line":140,"column":47}},"line":140},"10":{"name":"(anonymous_10)","decl":{"start":{"line":141,"column":18},"end":{"line":141,"column":19}},"loc":{"start":{"line":141,"column":26},"end":{"line":143,"column":13}},"line":141},"11":{"name":"(anonymous_11)","decl":{"start":{"line":144,"column":19},"end":{"line":144,"column":20}},"loc":{"start":{"line":144,"column":28},"end":{"line":146,"column":13}},"line":144},"12":{"name":"(anonymous_12)","decl":{"start":{"line":153,"column":4},"end":{"line":153,"column":5}},"loc":{"start":{"line":153,"column":23},"end":{"line":158,"column":5}},"line":153},"13":{"name":"(anonymous_13)","decl":{"start":{"line":160,"column":4},"end":{"line":160,"column":5}},"loc":{"start":{"line":160,"column":13},"end":{"line":235,"column":5}},"line":160},"14":{"name":"(anonymous_14)","decl":{"start":{"line":190,"column":35},"end":{"line":190,"column":36}},"loc":{"start":{"line":190,"column":44},"end":{"line":190,"column":76}},"line":190},"15":{"name":"(anonymous_15)","decl":{"start":{"line":197,"column":35},"end":{"line":197,"column":36}},"loc":{"start":{"line":197,"column":44},"end":{"line":197,"column":76}},"line":197},"16":{"name":"(anonymous_16)","decl":{"start":{"line":204,"column":35},"end":{"line":204,"column":36}},"loc":{"start":{"line":204,"column":44},"end":{"line":204,"column":83}},"line":204},"17":{"name":"(anonymous_17)","decl":{"start":{"line":211,"column":35},"end":{"line":211,"column":36}},"loc":{"start":{"line":211,"column":44},"end":{"line":211,"column":77}},"line":211},"18":{"name":"(anonymous_18)","decl":{"start":{"line":218,"column":35},"end":{"line":218,"column":36}},"loc":{"start":{"line":218,"column":44},"end":{"line":218,"column":76}},"line":218},"19":{"name":"(anonymous_19)","decl":{"start":{"line":226,"column":52},"end":{"line":226,"column":53}},"loc":{"start":{"line":226,"column":65},"end":{"line":228,"column":21}},"line":226}},"branchMap":{"0":{"loc":{"start":{"line":33,"column":8},"end":{"line":36,"column":9}},"type":"if","locations":[{"start":{"line":33,"column":8},"end":{"line":36,"column":9}},{"start":{},"end":{}}],"line":33},"1":{"loc":{"start":{"line":33,"column":12},"end":{"line":33,"column":68}},"type":"binary-expr","locations":[{"start":{"line":33,"column":12},"end":{"line":33,"column":39}},{"start":{"line":33,"column":43},"end":{"line":33,"column":68}}],"line":33},"2":{"loc":{"start":{"line":37,"column":8},"end":{"line":40,"column":9}},"type":"if","locations":[{"start":{"line":37,"column":8},"end":{"line":40,"column":9}},{"start":{},"end":{}}],"line":37},"3":{"loc":{"start":{"line":37,"column":12},"end":{"line":37,"column":60}},"type":"binary-expr","locations":[{"start":{"line":37,"column":12},"end":{"line":37,"column":35}},{"start":{"line":37,"column":39},"end":{"line":37,"column":60}}],"line":37},"4":{"loc":{"start":{"line":41,"column":8},"end":{"line":44,"column":9}},"type":"if","locations":[{"start":{"line":41,"column":8},"end":{"line":44,"column":9}},{"start":{},"end":{}}],"line":41},"5":{"loc":{"start":{"line":41,"column":12},"end":{"line":41,"column":60}},"type":"binary-expr","locations":[{"start":{"line":41,"column":12},"end":{"line":41,"column":35}},{"start":{"line":41,"column":39},"end":{"line":41,"column":60}}],"line":41},"6":{"loc":{"start":{"line":49,"column":8},"end":{"line":54,"column":9}},"type":"if","locations":[{"start":{"line":49,"column":8},"end":{"line":54,"column":9}},{"start":{},"end":{}}],"line":49},"7":{"loc":{"start":{"line":90,"column":8},"end":{"line":92,"column":9}},"type":"if","locations":[{"start":{"line":90,"column":8},"end":{"line":92,"column":9}},{"start":{},"end":{}}],"line":90},"8":{"loc":{"start":{"line":107,"column":12},"end":{"line":109,"column":13}},"type":"if","locations":[{"start":{"line":107,"column":12},"end":{"line":109,"column":13}},{"start":{},"end":{}}],"line":107},"9":{"loc":{"start":{"line":162,"column":8},"end":{"line":177,"column":9}},"type":"if","locations":[{"start":{"line":162,"column":8},"end":{"line":177,"column":9}},{"start":{"line":173,"column":15},"end":{"line":177,"column":9}}],"line":162}},"s":{"0":1,"1":1,"2":0,"3":0,"4":0,"5":0,"6":0,"7":0,"8":0,"9":0,"10":0,"11":0,"12":0,"13":0,"14":0,"15":0,"16":0,"17":0,"18":0,"19":0,"20":0,"21":0,"22":0,"23":0,"24":0,"25":0,"26":0,"27":0,"28":0,"29":0,"30":0,"31":0,"32":0,"33":0,"34":0,"35":0,"36":0,"37":0,"38":0,"39":0,"40":0,"41":0,"42":0,"43":0,"44":0,"45":0,"46":0,"47":0,"48":0,"49":0,"50":0,"51":0,"52":0,"53":0,"54":0,"55":0,"56":0,"57":0,"58":0,"59":0,"60":0,"61":0,"62":0,"63":0,"64":1},"f":{"0":0,"1":0,"2":0,"3":0,"4":0,"5":0,"6":0,"7":0,"8":0,"9":0,"10":0,"11":0,"12":0,"13":0,"14":0,"15":0,"16":0,"17":0,"18":0,"19":0},"b":{"0":[0,0],"1":[0,0],"2":[0,0],"3":[0,0],"4":[0,0],"5":[0,0],"6":[0,0],"7":[0,0],"8":[0,0],"9":[0,0]},"_coverageSchema":"1a1c01bbd47fc00a2c39e90264f33305004495a9","hash":"3209659e2e09f9bde34cb40db25e86c2fc2aacdf"}
,"/Users/mirasubramanian/outfittedFinal/Outfitted/src/client/components/closet/closet.js": {"path":"/Users/mirasubramanian/outfittedFinal/Outfitted/src/client/components/closet/closet.js","statementMap":{"0":{"start":{"line":10,"column":15},"end":{"line":24,"column":5}},"1":{"start":{"line":11,"column":25},"end":{"line":23,"column":10}},"2":{"start":{"line":12,"column":12},"end":{"line":22,"column":13}},"3":{"start":{"line":27,"column":8},"end":{"line":27,"column":16}},"4":{"start":{"line":28,"column":8},"end":{"line":32,"column":9}},"5":{"start":{"line":35,"column":21},"end":{"line":39,"column":5}},"6":{"start":{"line":36,"column":22},"end":{"line":36,"column":32}},"7":{"start":{"line":37,"column":8},"end":{"line":37,"column":26}},"8":{"start":{"line":38,"column":8},"end":{"line":38,"column":29}},"9":{"start":{"line":42,"column":12},"end":{"line":69,"column":21}},"10":{"start":{"line":50,"column":39},"end":{"line":50,"column":84}},"11":{"start":{"line":60,"column":39},"end":{"line":60,"column":103}},"12":{"start":{"line":74,"column":28},"end":{"line":81,"column":9}},"13":{"start":{"line":83,"column":8},"end":{"line":101,"column":10}},"14":{"start":{"line":86,"column":35},"end":{"line":86,"column":84}},"15":{"start":{"line":95,"column":48},"end":{"line":95,"column":70}},"16":{"start":{"line":96,"column":55},"end":{"line":96,"column":73}},"17":{"start":{"line":105,"column":15},"end":{"line":138,"column":2}}},"fnMap":{"0":{"name":"(anonymous_0)","decl":{"start":{"line":10,"column":15},"end":{"line":10,"column":16}},"loc":{"start":{"line":10,"column":21},"end":{"line":24,"column":5}},"line":10},"1":{"name":"(anonymous_1)","decl":{"start":{"line":11,"column":34},"end":{"line":11,"column":35}},"loc":{"start":{"line":11,"column":43},"end":{"line":23,"column":9}},"line":11},"2":{"name":"(anonymous_2)","decl":{"start":{"line":26,"column":4},"end":{"line":26,"column":5}},"loc":{"start":{"line":26,"column":18},"end":{"line":33,"column":5}},"line":26},"3":{"name":"(anonymous_3)","decl":{"start":{"line":35,"column":21},"end":{"line":35,"column":22}},"loc":{"start":{"line":35,"column":36},"end":{"line":39,"column":5}},"line":35},"4":{"name":"(anonymous_4)","decl":{"start":{"line":41,"column":4},"end":{"line":41,"column":5}},"loc":{"start":{"line":41,"column":22},"end":{"line":70,"column":9}},"line":41},"5":{"name":"(anonymous_5)","decl":{"start":{"line":50,"column":33},"end":{"line":50,"column":34}},"loc":{"start":{"line":50,"column":39},"end":{"line":50,"column":84}},"line":50},"6":{"name":"(anonymous_6)","decl":{"start":{"line":60,"column":33},"end":{"line":60,"column":34}},"loc":{"start":{"line":60,"column":39},"end":{"line":60,"column":103}},"line":60},"7":{"name":"(anonymous_7)","decl":{"start":{"line":72,"column":4},"end":{"line":72,"column":5}},"loc":{"start":{"line":72,"column":13},"end":{"line":102,"column":5}},"line":72},"8":{"name":"(anonymous_8)","decl":{"start":{"line":86,"column":29},"end":{"line":86,"column":30}},"loc":{"start":{"line":86,"column":35},"end":{"line":86,"column":84}},"line":86},"9":{"name":"(anonymous_9)","decl":{"start":{"line":95,"column":36},"end":{"line":95,"column":37}},"loc":{"start":{"line":95,"column":48},"end":{"line":95,"column":70}},"line":95},"10":{"name":"(anonymous_10)","decl":{"start":{"line":96,"column":38},"end":{"line":96,"column":39}},"loc":{"start":{"line":96,"column":55},"end":{"line":96,"column":73}},"line":96}},"branchMap":{},"s":{"0":1,"1":0,"2":0,"3":1,"4":1,"5":1,"6":0,"7":0,"8":0,"9":2,"10":0,"11":0,"12":1,"13":1,"14":0,"15":2,"16":2,"17":1},"f":{"0":0,"1":0,"2":1,"3":0,"4":2,"5":0,"6":0,"7":1,"8":0,"9":2,"10":2},"b":{},"_coverageSchema":"1a1c01bbd47fc00a2c39e90264f33305004495a9","hash":"bf5fa7f01e955e71c395173d0f2fb6b1e32fadfa"}
,"/Users/mirasubramanian/outfittedFinal/Outfitted/src/client/components/closet/itemView.js": {"path":"/Users/mirasubramanian/outfittedFinal/Outfitted/src/client/components/closet/itemView.js","statementMap":{"0":{"start":{"line":11,"column":8},"end":{"line":11,"column":16}},"1":{"start":{"line":12,"column":8},"end":{"line":17,"column":9}},"2":{"start":{"line":22,"column":8},"end":{"line":22,"column":29}},"3":{"start":{"line":23,"column":8},"end":{"line":28,"column":9}},"4":{"start":{"line":23,"column":20},"end":{"line":23,"column":21}},"5":{"start":{"line":24,"column":12},"end":{"line":27,"column":13}},"6":{"start":{"line":24,"column":24},"end":{"line":24,"column":25}},"7":{"start":{"line":25,"column":16},"end":{"line":25,"column":40}},"8":{"start":{"line":26,"column":16},"end":{"line":26,"column":53}},"9":{"start":{"line":32,"column":21},"end":{"line":36,"column":5}},"10":{"start":{"line":33,"column":22},"end":{"line":33,"column":32}},"11":{"start":{"line":34,"column":8},"end":{"line":34,"column":26}},"12":{"start":{"line":35,"column":8},"end":{"line":35,"column":29}},"13":{"start":{"line":39,"column":23},"end":{"line":39,"column":62}},"14":{"start":{"line":40,"column":8},"end":{"line":46,"column":82}},"15":{"start":{"line":44,"column":12},"end":{"line":44,"column":45}},"16":{"start":{"line":46,"column":24},"end":{"line":46,"column":80}},"17":{"start":{"line":50,"column":8},"end":{"line":68,"column":10}},"18":{"start":{"line":71,"column":20},"end":{"line":71,"column":50}},"19":{"start":{"line":73,"column":15},"end":{"line":85,"column":2}}},"fnMap":{"0":{"name":"(anonymous_0)","decl":{"start":{"line":10,"column":4},"end":{"line":10,"column":5}},"loc":{"start":{"line":10,"column":18},"end":{"line":18,"column":5}},"line":10},"1":{"name":"(anonymous_1)","decl":{"start":{"line":20,"column":4},"end":{"line":20,"column":5}},"loc":{"start":{"line":20,"column":24},"end":{"line":30,"column":5}},"line":20},"2":{"name":"(anonymous_2)","decl":{"start":{"line":32,"column":21},"end":{"line":32,"column":22}},"loc":{"start":{"line":32,"column":36},"end":{"line":36,"column":5}},"line":32},"3":{"name":"(anonymous_3)","decl":{"start":{"line":38,"column":4},"end":{"line":38,"column":5}},"loc":{"start":{"line":38,"column":35},"end":{"line":47,"column":5}},"line":38},"4":{"name":"(anonymous_4)","decl":{"start":{"line":42,"column":16},"end":{"line":42,"column":17}},"loc":{"start":{"line":42,"column":25},"end":{"line":45,"column":11}},"line":42},"5":{"name":"(anonymous_5)","decl":{"start":{"line":46,"column":17},"end":{"line":46,"column":18}},"loc":{"start":{"line":46,"column":24},"end":{"line":46,"column":80}},"line":46},"6":{"name":"(anonymous_6)","decl":{"start":{"line":49,"column":4},"end":{"line":49,"column":5}},"loc":{"start":{"line":49,"column":13},"end":{"line":69,"column":5}},"line":49}},"branchMap":{},"s":{"0":0,"1":0,"2":0,"3":0,"4":0,"5":0,"6":0,"7":0,"8":0,"9":0,"10":0,"11":0,"12":0,"13":0,"14":0,"15":0,"16":0,"17":0,"18":0,"19":0},"f":{"0":0,"1":0,"2":0,"3":0,"4":0,"5":0,"6":0},"b":{}}
,"/Users/mirasubramanian/outfittedFinal/Outfitted/src/client/components/closet/items.js": {"path":"/Users/mirasubramanian/outfittedFinal/Outfitted/src/client/components/closet/items.js","statementMap":{"0":{"start":{"line":12,"column":8},"end":{"line":12,"column":16}},"1":{"start":{"line":13,"column":8},"end":{"line":17,"column":9}},"2":{"start":{"line":20,"column":21},"end":{"line":24,"column":5}},"3":{"start":{"line":21,"column":22},"end":{"line":21,"column":32}},"4":{"start":{"line":22,"column":8},"end":{"line":22,"column":26}},"5":{"start":{"line":23,"column":8},"end":{"line":23,"column":29}},"6":{"start":{"line":27,"column":12},"end":{"line":37,"column":21}},"7":{"start":{"line":28,"column":56},"end":{"line":28,"column":122}},"8":{"start":{"line":41,"column":26},"end":{"line":51,"column":9}},"9":{"start":{"line":53,"column":25},"end":{"line":63,"column":9}},"10":{"start":{"line":66,"column":8},"end":{"line":70,"column":9}},"11":{"start":{"line":67,"column":12},"end":{"line":67,"column":33}},"12":{"start":{"line":68,"column":15},"end":{"line":70,"column":9}},"13":{"start":{"line":69,"column":12},"end":{"line":69,"column":32}},"14":{"start":{"line":72,"column":8},"end":{"line":83,"column":10}},"15":{"start":{"line":77,"column":48},"end":{"line":77,"column":70}},"16":{"start":{"line":78,"column":55},"end":{"line":78,"column":73}},"17":{"start":{"line":87,"column":15},"end":{"line":120,"column":2}}},"fnMap":{"0":{"name":"(anonymous_0)","decl":{"start":{"line":11,"column":4},"end":{"line":11,"column":5}},"loc":{"start":{"line":11,"column":18},"end":{"line":18,"column":5}},"line":11},"1":{"name":"(anonymous_1)","decl":{"start":{"line":20,"column":21},"end":{"line":20,"column":22}},"loc":{"start":{"line":20,"column":36},"end":{"line":24,"column":5}},"line":20},"2":{"name":"(anonymous_2)","decl":{"start":{"line":26,"column":4},"end":{"line":26,"column":5}},"loc":{"start":{"line":26,"column":22},"end":{"line":38,"column":9}},"line":26},"3":{"name":"(anonymous_3)","decl":{"start":{"line":28,"column":49},"end":{"line":28,"column":50}},"loc":{"start":{"line":28,"column":56},"end":{"line":28,"column":122}},"line":28},"4":{"name":"(anonymous_4)","decl":{"start":{"line":40,"column":4},"end":{"line":40,"column":5}},"loc":{"start":{"line":40,"column":13},"end":{"line":84,"column":5}},"line":40},"5":{"name":"(anonymous_5)","decl":{"start":{"line":77,"column":36},"end":{"line":77,"column":37}},"loc":{"start":{"line":77,"column":48},"end":{"line":77,"column":70}},"line":77},"6":{"name":"(anonymous_6)","decl":{"start":{"line":78,"column":38},"end":{"line":78,"column":39}},"loc":{"start":{"line":78,"column":55},"end":{"line":78,"column":73}},"line":78}},"branchMap":{"0":{"loc":{"start":{"line":66,"column":8},"end":{"line":70,"column":9}},"type":"if","locations":[{"start":{"line":66,"column":8},"end":{"line":70,"column":9}},{"start":{"line":68,"column":15},"end":{"line":70,"column":9}}],"line":66},"1":{"loc":{"start":{"line":68,"column":15},"end":{"line":70,"column":9}},"type":"if","locations":[{"start":{"line":68,"column":15},"end":{"line":70,"column":9}},{"start":{},"end":{}}],"line":68}},"s":{"0":0,"1":0,"2":0,"3":0,"4":0,"5":0,"6":0,"7":0,"8":0,"9":0,"10":0,"11":0,"12":0,"13":0,"14":0,"15":0,"16":0,"17":0},"f":{"0":0,"1":0,"2":0,"3":0,"4":0,"5":0,"6":0},"b":{"0":[0,0],"1":[0,0]}}
,"/Users/mirasubramanian/outfittedFinal/Outfitted/src/client/components/common/item.js": {"path":"/Users/mirasubramanian/outfittedFinal/Outfitted/src/client/components/common/item.js","statementMap":{},"fnMap":{},"branchMap":{},"s":{},"f":{},"b":{}}
,"/Users/mirasubramanian/outfittedFinal/Outfitted/src/client/components/common/navbar.js": {"path":"/Users/mirasubramanian/outfittedFinal/Outfitted/src/client/components/common/navbar.js","statementMap":{"0":{"start":{"line":7,"column":8},"end":{"line":7,"column":21}},"1":{"start":{"line":8,"column":8},"end":{"line":11,"column":9}},"2":{"start":{"line":14,"column":22},"end":{"line":16,"column":5}},"3":{"start":{"line":15,"column":8},"end":{"line":15,"column":49}},"4":{"start":{"line":18,"column":28},"end":{"line":20,"column":5}},"5":{"start":{"line":19,"column":8},"end":{"line":19,"column":55}},"6":{"start":{"line":22,"column":23},"end":{"line":24,"column":5}},"7":{"start":{"line":23,"column":8},"end":{"line":23,"column":50}},"8":{"start":{"line":27,"column":8},"end":{"line":50,"column":10}}},"fnMap":{"0":{"name":"(anonymous_0)","decl":{"start":{"line":6,"column":4},"end":{"line":6,"column":5}},"loc":{"start":{"line":6,"column":23},"end":{"line":12,"column":5}},"line":6},"1":{"name":"(anonymous_1)","decl":{"start":{"line":14,"column":22},"end":{"line":14,"column":23}},"loc":{"start":{"line":14,"column":28},"end":{"line":16,"column":5}},"line":14},"2":{"name":"(anonymous_2)","decl":{"start":{"line":18,"column":28},"end":{"line":18,"column":29}},"loc":{"start":{"line":18,"column":34},"end":{"line":20,"column":5}},"line":18},"3":{"name":"(anonymous_3)","decl":{"start":{"line":22,"column":23},"end":{"line":22,"column":24}},"loc":{"start":{"line":22,"column":29},"end":{"line":24,"column":5}},"line":22},"4":{"name":"(anonymous_4)","decl":{"start":{"line":26,"column":4},"end":{"line":26,"column":5}},"loc":{"start":{"line":26,"column":13},"end":{"line":51,"column":5}},"line":26}},"branchMap":{},"s":{"0":3,"1":3,"2":3,"3":0,"4":3,"5":0,"6":3,"7":0,"8":3},"f":{"0":3,"1":0,"2":0,"3":0,"4":3},"b":{},"_coverageSchema":"1a1c01bbd47fc00a2c39e90264f33305004495a9","hash":"a968c6e2051aa9aac1447b139e87e1e46daa99a8"}
,"/Users/mirasubramanian/outfittedFinal/Outfitted/src/client/components/dressingroom/dressingroom.js": {"path":"/Users/mirasubramanian/outfittedFinal/Outfitted/src/client/components/dressingroom/dressingroom.js","statementMap":{"0":{"start":{"line":13,"column":8},"end":{"line":13,"column":16}},"1":{"start":{"line":14,"column":8},"end":{"line":18,"column":9}},"2":{"start":{"line":21,"column":21},"end":{"line":25,"column":5}},"3":{"start":{"line":22,"column":22},"end":{"line":22,"column":32}},"4":{"start":{"line":23,"column":8},"end":{"line":23,"column":26}},"5":{"start":{"line":24,"column":8},"end":{"line":24,"column":29}},"6":{"start":{"line":28,"column":8},"end":{"line":41,"column":17}},"7":{"start":{"line":29,"column":51},"end":{"line":29,"column":93}},"8":{"start":{"line":35,"column":27},"end":{"line":35,"column":71}},"9":{"start":{"line":45,"column":28},"end":{"line":56,"column":13}},"10":{"start":{"line":58,"column":8},"end":{"line":77,"column":10}},"11":{"start":{"line":62,"column":35},"end":{"line":62,"column":75}},"12":{"start":{"line":71,"column":39},"end":{"line":71,"column":61}},"13":{"start":{"line":72,"column":57},"end":{"line":72,"column":89}},"14":{"start":{"line":73,"column":50},"end":{"line":73,"column":68}},"15":{"start":{"line":81,"column":15},"end":{"line":115,"column":2}}},"fnMap":{"0":{"name":"(anonymous_0)","decl":{"start":{"line":12,"column":4},"end":{"line":12,"column":5}},"loc":{"start":{"line":12,"column":18},"end":{"line":19,"column":5}},"line":12},"1":{"name":"(anonymous_1)","decl":{"start":{"line":21,"column":21},"end":{"line":21,"column":22}},"loc":{"start":{"line":21,"column":36},"end":{"line":25,"column":5}},"line":21},"2":{"name":"(anonymous_2)","decl":{"start":{"line":27,"column":4},"end":{"line":27,"column":5}},"loc":{"start":{"line":27,"column":22},"end":{"line":42,"column":5}},"line":27},"3":{"name":"(anonymous_3)","decl":{"start":{"line":29,"column":45},"end":{"line":29,"column":46}},"loc":{"start":{"line":29,"column":51},"end":{"line":29,"column":93}},"line":29},"4":{"name":"(anonymous_4)","decl":{"start":{"line":35,"column":21},"end":{"line":35,"column":22}},"loc":{"start":{"line":35,"column":27},"end":{"line":35,"column":71}},"line":35},"5":{"name":"(anonymous_5)","decl":{"start":{"line":44,"column":4},"end":{"line":44,"column":5}},"loc":{"start":{"line":44,"column":13},"end":{"line":78,"column":5}},"line":44},"6":{"name":"(anonymous_6)","decl":{"start":{"line":62,"column":29},"end":{"line":62,"column":30}},"loc":{"start":{"line":62,"column":35},"end":{"line":62,"column":75}},"line":62},"7":{"name":"(anonymous_7)","decl":{"start":{"line":71,"column":31},"end":{"line":71,"column":32}},"loc":{"start":{"line":71,"column":39},"end":{"line":71,"column":61}},"line":71},"8":{"name":"(anonymous_8)","decl":{"start":{"line":72,"column":40},"end":{"line":72,"column":41}},"loc":{"start":{"line":72,"column":57},"end":{"line":72,"column":89}},"line":72},"9":{"name":"(anonymous_9)","decl":{"start":{"line":73,"column":33},"end":{"line":73,"column":34}},"loc":{"start":{"line":73,"column":50},"end":{"line":73,"column":68}},"line":73}},"branchMap":{},"s":{"0":1,"1":1,"2":1,"3":0,"4":0,"5":0,"6":4,"7":0,"8":0,"9":1,"10":1,"11":0,"12":4,"13":2,"14":4,"15":1},"f":{"0":1,"1":0,"2":4,"3":0,"4":0,"5":1,"6":0,"7":4,"8":2,"9":4},"b":{},"_coverageSchema":"1a1c01bbd47fc00a2c39e90264f33305004495a9","hash":"47a5b8d9f952d419016ae98c6500beaeb59bc0c5"}
,"/Users/mirasubramanian/outfittedFinal/Outfitted/src/client/components/dressingroom/outfitview.js": {"path":"/Users/mirasubramanian/outfittedFinal/Outfitted/src/client/components/dressingroom/outfitview.js","statementMap":{"0":{"start":{"line":12,"column":16},"end":{"line":12,"column":18}},"1":{"start":{"line":17,"column":8},"end":{"line":17,"column":16}},"2":{"start":{"line":18,"column":8},"end":{"line":23,"column":9}},"3":{"start":{"line":26,"column":21},"end":{"line":30,"column":5}},"4":{"start":{"line":27,"column":22},"end":{"line":27,"column":32}},"5":{"start":{"line":28,"column":8},"end":{"line":28,"column":26}},"6":{"start":{"line":29,"column":8},"end":{"line":29,"column":29}},"7":{"start":{"line":33,"column":8},"end":{"line":33,"column":29}},"8":{"start":{"line":34,"column":8},"end":{"line":40,"column":9}},"9":{"start":{"line":34,"column":20},"end":{"line":34,"column":21}},"10":{"start":{"line":35,"column":12},"end":{"line":39,"column":13}},"11":{"start":{"line":35,"column":24},"end":{"line":35,"column":25}},"12":{"start":{"line":36,"column":16},"end":{"line":36,"column":40}},"13":{"start":{"line":37,"column":16},"end":{"line":37,"column":53}},"14":{"start":{"line":45,"column":23},"end":{"line":45,"column":62}},"15":{"start":{"line":46,"column":8},"end":{"line":53,"column":82}},"16":{"start":{"line":50,"column":12},"end":{"line":50,"column":45}},"17":{"start":{"line":51,"column":12},"end":{"line":51,"column":29}},"18":{"start":{"line":53,"column":24},"end":{"line":53,"column":80}},"19":{"start":{"line":57,"column":8},"end":{"line":73,"column":10}},"20":{"start":{"line":62,"column":32},"end":{"line":62,"column":72}},"21":{"start":{"line":77,"column":15},"end":{"line":111,"column":2}}},"fnMap":{"0":{"name":"(anonymous_0)","decl":{"start":{"line":16,"column":4},"end":{"line":16,"column":5}},"loc":{"start":{"line":16,"column":18},"end":{"line":24,"column":5}},"line":16},"1":{"name":"(anonymous_1)","decl":{"start":{"line":26,"column":21},"end":{"line":26,"column":22}},"loc":{"start":{"line":26,"column":36},"end":{"line":30,"column":5}},"line":26},"2":{"name":"(anonymous_2)","decl":{"start":{"line":31,"column":4},"end":{"line":31,"column":5}},"loc":{"start":{"line":31,"column":24},"end":{"line":42,"column":5}},"line":31},"3":{"name":"(anonymous_3)","decl":{"start":{"line":44,"column":4},"end":{"line":44,"column":5}},"loc":{"start":{"line":44,"column":35},"end":{"line":54,"column":5}},"line":44},"4":{"name":"(anonymous_4)","decl":{"start":{"line":48,"column":16},"end":{"line":48,"column":17}},"loc":{"start":{"line":48,"column":25},"end":{"line":52,"column":11}},"line":48},"5":{"name":"(anonymous_5)","decl":{"start":{"line":53,"column":17},"end":{"line":53,"column":18}},"loc":{"start":{"line":53,"column":24},"end":{"line":53,"column":80}},"line":53},"6":{"name":"(anonymous_6)","decl":{"start":{"line":56,"column":4},"end":{"line":56,"column":5}},"loc":{"start":{"line":56,"column":13},"end":{"line":74,"column":5}},"line":56},"7":{"name":"(anonymous_7)","decl":{"start":{"line":62,"column":26},"end":{"line":62,"column":27}},"loc":{"start":{"line":62,"column":32},"end":{"line":62,"column":72}},"line":62}},"branchMap":{},"s":{"0":0,"1":0,"2":0,"3":0,"4":0,"5":0,"6":0,"7":0,"8":0,"9":0,"10":0,"11":0,"12":0,"13":0,"14":0,"15":0,"16":0,"17":0,"18":0,"19":0,"20":0,"21":0},"f":{"0":0,"1":0,"2":0,"3":0,"4":0,"5":0,"6":0,"7":0},"b":{}}
,"/Users/mirasubramanian/outfittedFinal/Outfitted/src/client/components/dressingroom/runway.js": {"path":"/Users/mirasubramanian/outfittedFinal/Outfitted/src/client/components/dressingroom/runway.js","statementMap":{"0":{"start":{"line":9,"column":15},"end":{"line":14,"column":3}},"1":{"start":{"line":15,"column":16},"end":{"line":25,"column":3}},"2":{"start":{"line":31,"column":8},"end":{"line":31,"column":16}},"3":{"start":{"line":32,"column":8},"end":{"line":37,"column":9}},"4":{"start":{"line":38,"column":8},"end":{"line":38,"column":49}},"5":{"start":{"line":39,"column":8},"end":{"line":39,"column":65}},"6":{"start":{"line":43,"column":21},"end":{"line":43,"column":25}},"7":{"start":{"line":44,"column":8},"end":{"line":49,"column":9}},"8":{"start":{"line":45,"column":12},"end":{"line":45,"column":27}},"9":{"start":{"line":46,"column":12},"end":{"line":48,"column":15}},"10":{"start":{"line":50,"column":8},"end":{"line":50,"column":22}},"11":{"start":{"line":53,"column":21},"end":{"line":57,"column":5}},"12":{"start":{"line":54,"column":22},"end":{"line":54,"column":32}},"13":{"start":{"line":55,"column":8},"end":{"line":55,"column":26}},"14":{"start":{"line":56,"column":8},"end":{"line":56,"column":29}},"15":{"start":{"line":60,"column":8},"end":{"line":62,"column":9}},"16":{"start":{"line":66,"column":8},"end":{"line":68,"column":11}},"17":{"start":{"line":72,"column":8},"end":{"line":108,"column":10}},"18":{"start":{"line":87,"column":44},"end":{"line":87,"column":76}},"19":{"start":{"line":94,"column":44},"end":{"line":94,"column":76}},"20":{"start":{"line":112,"column":15},"end":{"line":146,"column":2}}},"fnMap":{"0":{"name":"(anonymous_0)","decl":{"start":{"line":30,"column":4},"end":{"line":30,"column":5}},"loc":{"start":{"line":30,"column":18},"end":{"line":40,"column":5}},"line":30},"1":{"name":"(anonymous_1)","decl":{"start":{"line":42,"column":4},"end":{"line":42,"column":5}},"loc":{"start":{"line":42,"column":22},"end":{"line":51,"column":5}},"line":42},"2":{"name":"(anonymous_2)","decl":{"start":{"line":53,"column":21},"end":{"line":53,"column":22}},"loc":{"start":{"line":53,"column":36},"end":{"line":57,"column":5}},"line":53},"3":{"name":"(anonymous_3)","decl":{"start":{"line":59,"column":4},"end":{"line":59,"column":5}},"loc":{"start":{"line":59,"column":15},"end":{"line":63,"column":5}},"line":59},"4":{"name":"(anonymous_4)","decl":{"start":{"line":65,"column":4},"end":{"line":65,"column":5}},"loc":{"start":{"line":65,"column":23},"end":{"line":69,"column":5}},"line":65},"5":{"name":"(anonymous_5)","decl":{"start":{"line":71,"column":4},"end":{"line":71,"column":5}},"loc":{"start":{"line":71,"column":13},"end":{"line":109,"column":5}},"line":71},"6":{"name":"(anonymous_6)","decl":{"start":{"line":87,"column":35},"end":{"line":87,"column":36}},"loc":{"start":{"line":87,"column":44},"end":{"line":87,"column":76}},"line":87},"7":{"name":"(anonymous_7)","decl":{"start":{"line":94,"column":35},"end":{"line":94,"column":36}},"loc":{"start":{"line":94,"column":44},"end":{"line":94,"column":76}},"line":94}},"branchMap":{"0":{"loc":{"start":{"line":44,"column":8},"end":{"line":49,"column":9}},"type":"if","locations":[{"start":{"line":44,"column":8},"end":{"line":49,"column":9}},{"start":{},"end":{}}],"line":44},"1":{"loc":{"start":{"line":44,"column":12},"end":{"line":44,"column":60}},"type":"binary-expr","locations":[{"start":{"line":44,"column":12},"end":{"line":44,"column":35}},{"start":{"line":44,"column":39},"end":{"line":44,"column":60}}],"line":44},"2":{"loc":{"start":{"line":60,"column":8},"end":{"line":62,"column":9}},"type":"if","locations":[{"start":{"line":60,"column":8},"end":{"line":62,"column":9}},{"start":{},"end":{}}],"line":60}},"s":{"0":0,"1":0,"2":0,"3":0,"4":0,"5":0,"6":0,"7":0,"8":0,"9":0,"10":0,"11":0,"12":0,"13":0,"14":0,"15":0,"16":0,"17":0,"18":0,"19":0,"20":0},"f":{"0":0,"1":0,"2":0,"3":0,"4":0,"5":0,"6":0,"7":0},"b":{"0":[0,0],"1":[0,0],"2":[0,0]}}
,"/Users/mirasubramanian/outfittedFinal/Outfitted/src/client/components/outfits/outfits.js": {"path":"/Users/mirasubramanian/outfittedFinal/Outfitted/src/client/components/outfits/outfits.js","statementMap":{"0":{"start":{"line":11,"column":15},"end":{"line":16,"column":3}},"1":{"start":{"line":17,"column":18},"end":{"line":22,"column":4}},"2":{"start":{"line":23,"column":16},"end":{"line":33,"column":3}},"3":{"start":{"line":39,"column":8},"end":{"line":39,"column":16}},"4":{"start":{"line":40,"column":8},"end":{"line":45,"column":9}},"5":{"start":{"line":48,"column":21},"end":{"line":52,"column":5}},"6":{"start":{"line":49,"column":22},"end":{"line":49,"column":32}},"7":{"start":{"line":50,"column":8},"end":{"line":50,"column":26}},"8":{"start":{"line":51,"column":8},"end":{"line":51,"column":29}},"9":{"start":{"line":55,"column":8},"end":{"line":55,"column":29}},"10":{"start":{"line":56,"column":8},"end":{"line":65,"column":9}},"11":{"start":{"line":56,"column":20},"end":{"line":56,"column":21}},"12":{"start":{"line":57,"column":12},"end":{"line":61,"column":13}},"13":{"start":{"line":57,"column":24},"end":{"line":57,"column":25}},"14":{"start":{"line":58,"column":16},"end":{"line":58,"column":40}},"15":{"start":{"line":59,"column":16},"end":{"line":59,"column":53}},"16":{"start":{"line":70,"column":23},"end":{"line":70,"column":62}},"17":{"start":{"line":71,"column":8},"end":{"line":77,"column":82}},"18":{"start":{"line":75,"column":12},"end":{"line":75,"column":45}},"19":{"start":{"line":77,"column":24},"end":{"line":77,"column":80}},"20":{"start":{"line":81,"column":8},"end":{"line":117,"column":10}},"21":{"start":{"line":86,"column":43},"end":{"line":86,"column":66}},"22":{"start":{"line":121,"column":15},"end":{"line":155,"column":2}}},"fnMap":{"0":{"name":"(anonymous_0)","decl":{"start":{"line":38,"column":4},"end":{"line":38,"column":5}},"loc":{"start":{"line":38,"column":18},"end":{"line":46,"column":5}},"line":38},"1":{"name":"(anonymous_1)","decl":{"start":{"line":48,"column":21},"end":{"line":48,"column":22}},"loc":{"start":{"line":48,"column":36},"end":{"line":52,"column":5}},"line":48},"2":{"name":"(anonymous_2)","decl":{"start":{"line":53,"column":4},"end":{"line":53,"column":5}},"loc":{"start":{"line":53,"column":24},"end":{"line":67,"column":5}},"line":53},"3":{"name":"(anonymous_3)","decl":{"start":{"line":69,"column":4},"end":{"line":69,"column":5}},"loc":{"start":{"line":69,"column":35},"end":{"line":78,"column":5}},"line":69},"4":{"name":"(anonymous_4)","decl":{"start":{"line":73,"column":16},"end":{"line":73,"column":17}},"loc":{"start":{"line":73,"column":25},"end":{"line":76,"column":11}},"line":73},"5":{"name":"(anonymous_5)","decl":{"start":{"line":77,"column":17},"end":{"line":77,"column":18}},"loc":{"start":{"line":77,"column":24},"end":{"line":77,"column":80}},"line":77},"6":{"name":"(anonymous_6)","decl":{"start":{"line":80,"column":4},"end":{"line":80,"column":5}},"loc":{"start":{"line":80,"column":13},"end":{"line":118,"column":5}},"line":80},"7":{"name":"(anonymous_7)","decl":{"start":{"line":86,"column":35},"end":{"line":86,"column":36}},"loc":{"start":{"line":86,"column":43},"end":{"line":86,"column":66}},"line":86}},"branchMap":{},"s":{"0":1,"1":1,"2":1,"3":1,"4":1,"5":1,"6":0,"7":0,"8":0,"9":1,"10":1,"11":1,"12":0,"13":0,"14":0,"15":0,"16":0,"17":0,"18":0,"19":0,"20":1,"21":0,"22":1},"f":{"0":1,"1":0,"2":1,"3":0,"4":0,"5":0,"6":1,"7":0},"b":{},"_coverageSchema":"1a1c01bbd47fc00a2c39e90264f33305004495a9","hash":"f74f28c49665d8092587ec228306c3694305793d"}
}
