TN:
SF:App.js
FN:22,MyStack
FN:121,App
FNF:2
FNH:0
FNDA:0,MyStack
FNDA:0,App
DA:20,0
DA:23,0
DA:122,0
DA:131,0
LF:4
LH:0
BRF:0
BRH:0
end_of_record
TN:
SF:firebase.js
FNF:0
FNH:0
DA:12,1
DA:24,1
LF:2
LH:2
BRF:0
BRH:0
end_of_record
TN:
SF:components/authentication/login.js
FN:9,(anonymous_0)
FN:17,(anonymous_1)
FN:24,(anonymous_2)
FN:31,(anonymous_3)
FN:40,(anonymous_4)
FN:44,(anonymous_5)
FN:59,(anonymous_6)
FN:65,(anonymous_7)
FN:73,(anonymous_8)
FN:79,(anonymous_9)
FNF:10
FNH:2
FNDA:1,(anonymous_0)
FNDA:0,(anonymous_1)
FNDA:0,(anonymous_2)
FNDA:0,(anonymous_3)
FNDA:0,(anonymous_4)
FNDA:1,(anonymous_5)
FNDA:0,(anonymous_6)
FNDA:0,(anonymous_7)
FNDA:0,(anonymous_8)
FNDA:0,(anonymous_9)
DA:10,1
DA:11,1
DA:17,1
DA:18,0
DA:19,0
DA:20,0
DA:24,1
DA:25,0
DA:26,0
DA:28,0
DA:32,0
DA:33,0
DA:34,0
DA:38,0
DA:40,0
DA:52,1
DA:59,0
DA:65,0
DA:73,0
DA:79,0
DA:87,1
LF:21
LH:6
BRDA:25,0,0,0
BRDA:25,0,1,0
BRDA:25,1,0,0
BRDA:25,1,1,0
BRF:4
BRH:0
end_of_record
TN:
SF:components/authentication/signup.js
FN:8,(anonymous_0)
FN:19,(anonymous_1)
FN:31,(anonymous_2)
FN:40,(anonymous_3)
FN:41,(anonymous_4)
FN:44,(anonymous_5)
FN:49,(anonymous_6)
FN:55,(anonymous_7)
FN:68,(anonymous_8)
FN:83,(anonymous_9)
FN:90,(anonymous_10)
FN:104,(anonymous_11)
FN:111,(anonymous_12)
FN:118,(anonymous_13)
FN:126,(anonymous_14)
FN:132,(anonymous_15)
FNF:16
FNH:2
FNDA:1,(anonymous_0)
FNDA:0,(anonymous_1)
FNDA:0,(anonymous_2)
FNDA:0,(anonymous_3)
FNDA:0,(anonymous_4)
FNDA:0,(anonymous_5)
FNDA:0,(anonymous_6)
FNDA:0,(anonymous_7)
FNDA:0,(anonymous_8)
FNDA:0,(anonymous_9)
FNDA:1,(anonymous_10)
FNDA:0,(anonymous_11)
FNDA:0,(anonymous_12)
FNDA:0,(anonymous_13)
FNDA:0,(anonymous_14)
FNDA:0,(anonymous_15)
DA:9,1
DA:10,1
DA:19,1
DA:21,0
DA:22,0
DA:23,0
DA:25,0
DA:26,0
DA:32,0
DA:40,0
DA:42,0
DA:45,0
DA:49,1
DA:50,0
DA:51,0
DA:52,0
DA:55,1
DA:56,0
DA:57,0
DA:58,0
DA:59,0
DA:62,0
DA:65,0
DA:69,0
DA:72,0
DA:73,0
DA:74,0
DA:80,0
DA:84,0
DA:91,1
DA:92,0
DA:98,1
DA:104,0
DA:111,0
DA:118,0
DA:126,0
DA:132,0
DA:142,1
LF:38
LH:8
BRDA:22,0,0,0
BRDA:22,0,1,0
BRDA:56,1,0,0
BRDA:56,1,1,0
BRDA:56,2,0,0
BRDA:56,2,1,0
BRDA:58,3,0,0
BRDA:58,3,1,0
BRDA:91,4,0,0
BRDA:91,4,1,1
BRF:10
BRH:1
end_of_record
TN:
SF:components/closet/AddCategoryForm.js
FN:13,(anonymous_0)
FN:26,(anonymous_1)
FN:47,(anonymous_2)
FN:56,(anonymous_3)
FN:60,(anonymous_4)
FN:66,(anonymous_5)
FN:84,(anonymous_6)
FN:101,(anonymous_7)
FN:109,(anonymous_8)
FN:118,(anonymous_9)
FN:124,(anonymous_10)
FN:154,(anonymous_11)
FN:162,(anonymous_12)
FNF:13
FNH:0
FNDA:0,(anonymous_0)
FNDA:0,(anonymous_1)
FNDA:0,(anonymous_2)
FNDA:0,(anonymous_3)
FNDA:0,(anonymous_4)
FNDA:0,(anonymous_5)
FNDA:0,(anonymous_6)
FNDA:0,(anonymous_7)
FNDA:0,(anonymous_8)
FNDA:0,(anonymous_9)
FNDA:0,(anonymous_10)
FNDA:0,(anonymous_11)
FNDA:0,(anonymous_12)
DA:8,0
DA:14,0
DA:15,0
DA:22,0
DA:23,0
DA:27,0
DA:28,0
DA:29,0
DA:30,0
DA:31,0
DA:33,0
DA:34,0
DA:35,0
DA:37,0
DA:38,0
DA:43,0
DA:47,0
DA:48,0
DA:49,0
DA:50,0
DA:52,0
DA:58,0
DA:60,0
DA:66,0
DA:68,0
DA:70,0
DA:77,0
DA:79,0
DA:80,0
DA:84,0
DA:85,0
DA:87,0
DA:94,0
DA:96,0
DA:97,0
DA:102,0
DA:103,0
DA:104,0
DA:105,0
DA:110,0
DA:118,0
DA:119,0
DA:120,0
DA:121,0
DA:126,0
DA:127,0
DA:138,0
DA:143,0
DA:154,0
DA:163,0
DA:174,0
LF:51
LH:0
BRDA:29,0,0,0
BRDA:29,0,1,0
BRDA:29,1,0,0
BRDA:29,1,1,0
BRDA:33,2,0,0
BRDA:33,2,1,0
BRDA:33,3,0,0
BRDA:33,3,1,0
BRDA:37,4,0,0
BRDA:37,4,1,0
BRDA:79,5,0,0
BRDA:79,5,1,0
BRDA:96,6,0,0
BRDA:96,6,1,0
BRDA:102,7,0,0
BRDA:102,7,1,0
BRDA:126,8,0,0
BRDA:126,8,1,0
BRF:18
BRH:0
end_of_record
TN:
SF:components/closet/AddItemForm.js
FN:13,(anonymous_0)
FN:30,(anonymous_1)
FN:58,(anonymous_2)
FN:67,(anonymous_3)
FN:71,(anonymous_4)
FN:77,(anonymous_5)
FN:95,(anonymous_6)
FN:115,(anonymous_7)
FN:121,(anonymous_8)
FN:140,(anonymous_9)
FN:141,(anonymous_10)
FN:144,(anonymous_11)
FN:153,(anonymous_12)
FN:160,(anonymous_13)
FN:190,(anonymous_14)
FN:197,(anonymous_15)
FN:204,(anonymous_16)
FN:211,(anonymous_17)
FN:218,(anonymous_18)
FN:226,(anonymous_19)
FNF:20
FNH:0
FNDA:0,(anonymous_0)
FNDA:0,(anonymous_1)
FNDA:0,(anonymous_2)
FNDA:0,(anonymous_3)
FNDA:0,(anonymous_4)
FNDA:0,(anonymous_5)
FNDA:0,(anonymous_6)
FNDA:0,(anonymous_7)
FNDA:0,(anonymous_8)
FNDA:0,(anonymous_9)
FNDA:0,(anonymous_10)
FNDA:0,(anonymous_11)
FNDA:0,(anonymous_12)
FNDA:0,(anonymous_13)
FNDA:0,(anonymous_14)
FNDA:0,(anonymous_15)
FNDA:0,(anonymous_16)
FNDA:0,(anonymous_17)
FNDA:0,(anonymous_18)
FNDA:0,(anonymous_19)
DA:8,1
DA:9,1
DA:14,0
DA:15,0
DA:26,0
DA:27,0
DA:31,0
DA:32,0
DA:33,0
DA:34,0
DA:35,0
DA:37,0
DA:38,0
DA:39,0
DA:41,0
DA:42,0
DA:43,0
DA:49,0
DA:50,0
DA:55,0
DA:58,0
DA:59,0
DA:60,0
DA:61,0
DA:63,0
DA:69,0
DA:71,0
DA:77,0
DA:79,0
DA:81,0
DA:88,0
DA:90,0
DA:91,0
DA:95,0
DA:96,0
DA:98,0
DA:105,0
DA:107,0
DA:108,0
DA:115,0
DA:116,0
DA:117,0
DA:118,0
DA:122,0
DA:123,0
DA:126,0
DA:132,0
DA:140,0
DA:142,0
DA:145,0
DA:148,0
DA:149,0
DA:150,0
DA:154,0
DA:162,0
DA:163,0
DA:174,0
DA:179,0
DA:190,0
DA:197,0
DA:204,0
DA:211,0
DA:218,0
DA:227,0
DA:238,1
LF:65
LH:3
BRDA:33,0,0,0
BRDA:33,0,1,0
BRDA:33,1,0,0
BRDA:33,1,1,0
BRDA:37,2,0,0
BRDA:37,2,1,0
BRDA:37,3,0,0
BRDA:37,3,1,0
BRDA:41,4,0,0
BRDA:41,4,1,0
BRDA:41,5,0,0
BRDA:41,5,1,0
BRDA:49,6,0,0
BRDA:49,6,1,0
BRDA:90,7,0,0
BRDA:90,7,1,0
BRDA:107,8,0,0
BRDA:107,8,1,0
BRDA:162,9,0,0
BRDA:162,9,1,0
BRF:20
BRH:0
end_of_record
TN:
SF:components/closet/closet.js
FN:10,(anonymous_0)
FN:11,(anonymous_1)
FN:26,(anonymous_2)
FN:35,(anonymous_3)
FN:41,(anonymous_4)
FN:50,(anonymous_5)
FN:60,(anonymous_6)
FN:72,(anonymous_7)
FN:86,(anonymous_8)
FN:95,(anonymous_9)
FN:96,(anonymous_10)
FNF:11
FNH:5
FNDA:0,(anonymous_0)
FNDA:0,(anonymous_1)
FNDA:1,(anonymous_2)
FNDA:0,(anonymous_3)
FNDA:2,(anonymous_4)
FNDA:0,(anonymous_5)
FNDA:0,(anonymous_6)
FNDA:1,(anonymous_7)
FNDA:0,(anonymous_8)
FNDA:2,(anonymous_9)
FNDA:2,(anonymous_10)
DA:10,1
DA:11,0
DA:12,0
DA:27,1
DA:28,1
DA:35,1
DA:36,0
DA:37,0
DA:38,0
DA:42,2
DA:50,0
DA:60,0
DA:74,1
DA:83,1
DA:86,0
DA:95,2
DA:96,2
DA:105,1
LF:18
LH:10
BRF:0
BRH:0
end_of_record
TN:
SF:components/closet/itemView.js
FN:10,(anonymous_0)
FN:20,(anonymous_1)
FN:32,(anonymous_2)
FN:38,(anonymous_3)
FN:42,(anonymous_4)
FN:46,(anonymous_5)
FN:49,(anonymous_6)
FNF:7
FNH:0
FNDA:0,(anonymous_0)
FNDA:0,(anonymous_1)
FNDA:0,(anonymous_2)
FNDA:0,(anonymous_3)
FNDA:0,(anonymous_4)
FNDA:0,(anonymous_5)
FNDA:0,(anonymous_6)
DA:11,0
DA:12,0
DA:22,0
DA:23,0
DA:24,0
DA:25,0
DA:26,0
DA:32,0
DA:33,0
DA:34,0
DA:35,0
DA:39,0
DA:40,0
DA:44,0
DA:46,0
DA:50,0
DA:71,0
DA:73,0
LF:18
LH:0
BRF:0
BRH:0
end_of_record
TN:
SF:components/closet/items.js
FN:11,(anonymous_0)
FN:20,(anonymous_1)
FN:26,(anonymous_2)
FN:28,(anonymous_3)
FN:40,(anonymous_4)
FN:77,(anonymous_5)
FN:78,(anonymous_6)
FNF:7
FNH:0
FNDA:0,(anonymous_0)
FNDA:0,(anonymous_1)
FNDA:0,(anonymous_2)
FNDA:0,(anonymous_3)
FNDA:0,(anonymous_4)
FNDA:0,(anonymous_5)
FNDA:0,(anonymous_6)
DA:12,0
DA:13,0
DA:20,0
DA:21,0
DA:22,0
DA:23,0
DA:27,0
DA:28,0
DA:41,0
DA:53,0
DA:66,0
DA:67,0
DA:68,0
DA:69,0
DA:72,0
DA:77,0
DA:78,0
DA:87,0
LF:18
LH:0
BRDA:66,0,0,0
BRDA:66,0,1,0
BRDA:68,1,0,0
BRDA:68,1,1,0
BRF:4
BRH:0
end_of_record
TN:
SF:components/common/item.js
FNF:0
FNH:0
LF:0
LH:0
BRF:0
BRH:0
end_of_record
TN:
SF:components/common/navbar.js
FN:6,(anonymous_0)
FN:14,(anonymous_1)
FN:18,(anonymous_2)
FN:22,(anonymous_3)
FN:26,(anonymous_4)
FNF:5
FNH:2
FNDA:3,(anonymous_0)
FNDA:0,(anonymous_1)
FNDA:0,(anonymous_2)
FNDA:0,(anonymous_3)
FNDA:3,(anonymous_4)
DA:7,3
DA:8,3
DA:14,3
DA:15,0
DA:18,3
DA:19,0
DA:22,3
DA:23,0
DA:27,3
LF:9
LH:6
BRF:0
BRH:0
end_of_record
TN:
SF:components/dressingroom/dressingroom.js
FN:12,(anonymous_0)
FN:21,(anonymous_1)
FN:27,(anonymous_2)
FN:29,(anonymous_3)
FN:35,(anonymous_4)
FN:44,(anonymous_5)
FN:62,(anonymous_6)
FN:71,(anonymous_7)
FN:72,(anonymous_8)
FN:73,(anonymous_9)
FNF:10
FNH:6
FNDA:1,(anonymous_0)
FNDA:0,(anonymous_1)
FNDA:4,(anonymous_2)
FNDA:0,(anonymous_3)
FNDA:0,(anonymous_4)
FNDA:1,(anonymous_5)
FNDA:0,(anonymous_6)
FNDA:4,(anonymous_7)
FNDA:2,(anonymous_8)
FNDA:4,(anonymous_9)
DA:13,1
DA:14,1
DA:21,1
DA:22,0
DA:23,0
DA:24,0
DA:28,4
DA:29,0
DA:35,0
DA:45,1
DA:58,1
DA:62,0
DA:71,4
DA:72,2
DA:73,4
DA:81,1
LF:16
LH:10
BRF:0
BRH:0
end_of_record
TN:
SF:components/dressingroom/outfitview.js
FN:16,(anonymous_0)
FN:26,(anonymous_1)
FN:31,(anonymous_2)
FN:44,(anonymous_3)
FN:48,(anonymous_4)
FN:53,(anonymous_5)
FN:56,(anonymous_6)
FN:62,(anonymous_7)
FNF:8
FNH:0
FNDA:0,(anonymous_0)
FNDA:0,(anonymous_1)
FNDA:0,(anonymous_2)
FNDA:0,(anonymous_3)
FNDA:0,(anonymous_4)
FNDA:0,(anonymous_5)
FNDA:0,(anonymous_6)
FNDA:0,(anonymous_7)
DA:12,0
DA:17,0
DA:18,0
DA:26,0
DA:27,0
DA:28,0
DA:29,0
DA:33,0
DA:34,0
DA:35,0
DA:36,0
DA:37,0
DA:45,0
DA:46,0
DA:50,0
DA:51,0
DA:53,0
DA:57,0
DA:62,0
DA:77,0
LF:20
LH:0
BRF:0
BRH:0
end_of_record
TN:
SF:components/dressingroom/runway.js
FN:30,(anonymous_0)
FN:42,(anonymous_1)
FN:53,(anonymous_2)
FN:59,(anonymous_3)
FN:65,(anonymous_4)
FN:71,(anonymous_5)
FN:87,(anonymous_6)
FN:94,(anonymous_7)
FNF:8
FNH:0
FNDA:0,(anonymous_0)
FNDA:0,(anonymous_1)
FNDA:0,(anonymous_2)
FNDA:0,(anonymous_3)
FNDA:0,(anonymous_4)
FNDA:0,(anonymous_5)
FNDA:0,(anonymous_6)
FNDA:0,(anonymous_7)
DA:9,0
DA:15,0
DA:31,0
DA:32,0
DA:38,0
DA:39,0
DA:43,0
DA:44,0
DA:45,0
DA:46,0
DA:50,0
DA:53,0
DA:54,0
DA:55,0
DA:56,0
DA:60,0
DA:66,0
DA:72,0
DA:87,0
DA:94,0
DA:112,0
LF:21
LH:0
BRDA:44,0,0,0
BRDA:44,0,1,0
BRDA:44,1,0,0
BRDA:44,1,1,0
BRDA:60,2,0,0
BRDA:60,2,1,0
BRF:6
BRH:0
end_of_record
TN:
SF:components/outfits/outfits.js
FN:38,(anonymous_0)
FN:48,(anonymous_1)
FN:53,(anonymous_2)
FN:69,(anonymous_3)
FN:73,(anonymous_4)
FN:77,(anonymous_5)
FN:80,(anonymous_6)
FN:86,(anonymous_7)
FNF:8
FNH:3
FNDA:1,(anonymous_0)
FNDA:0,(anonymous_1)
FNDA:1,(anonymous_2)
FNDA:0,(anonymous_3)
FNDA:0,(anonymous_4)
FNDA:0,(anonymous_5)
FNDA:1,(anonymous_6)
FNDA:0,(anonymous_7)
DA:11,1
DA:17,1
DA:23,1
DA:39,1
DA:40,1
DA:48,1
DA:49,0
DA:50,0
DA:51,0
DA:55,1
DA:56,1
DA:57,0
DA:58,0
DA:59,0
DA:70,0
DA:71,0
DA:75,0
DA:77,0
DA:81,1
DA:86,0
DA:121,1
LF:21
LH:10
BRF:0
BRH:0
end_of_record
